<?xml version="1.0" encoding="UTF-8"?>
<testng-results ignored="0" total="2" passed="2" failed="0" skipped="0">
  <reporter-output>
  </reporter-output>
  <suite started-at="2023-07-07T23:49:56 IST" name="Default suite" finished-at="2023-07-07T23:49:56 IST" duration-ms="110">
    <groups>
    </groups>
    <test started-at="2023-07-07T23:49:56 IST" name="Default test" finished-at="2023-07-07T23:49:56 IST" duration-ms="110">
      <class name="StepDefinition.practice">
        <test-method signature="demo(java.lang.String,java.lang.String)[pri:0, instance:StepDefinition.practice@56cdfb3b]" started-at="2023-07-07T23:49:56 IST" name="demo" data-provider="dataset" finished-at="2023-07-07T23:49:56 IST" duration-ms="14" status="PASS">
          <params>
            <param index="0">
              <value>
                <![CDATA[user1]]>
              </value>
            </param>
            <param index="1">
              <value>
                <![CDATA[pass1]]>
              </value>
            </param>
          </params>
          <reporter-output>
          </reporter-output>
        </test-method> <!-- demo -->
        <test-method signature="demo(java.lang.String,java.lang.String)[pri:0, instance:StepDefinition.practice@56cdfb3b]" started-at="2023-07-07T23:49:56 IST" name="demo" data-provider="dataset" finished-at="2023-07-07T23:49:56 IST" duration-ms="3" status="PASS">
          <params>
            <param index="0">
              <value>
                <![CDATA[user2]]>
              </value>
            </param>
            <param index="1">
              <value>
                <![CDATA[pass2]]>
              </value>
            </param>
          </params>
          <reporter-output>
          </reporter-output>
        </test-method> <!-- demo -->
      </class> <!-- StepDefinition.practice -->
    </test> <!-- Default test -->
  </suite> <!-- Default suite -->
</testng-results>
