<?xml version="1.0" encoding="UTF-8"?>
<!-- Generated by org.testng.reporters.JUnitXMLReporter -->
<testsuite ignored="2" hostname="DESKTOP-8N1UVQ9" failures="0" tests="1" name="GRP-regression" time="0.098" errors="0" timestamp="2023-07-01T19:05:49 IST">
  <testcase classname="StepDefinition.practice" name="demo" time="0.015"/>
  <testcase classname="StepDefinition.practice" name="demo2" time="0.0">
    <ignored/>
  </testcase> <!-- demo2 -->
  <testcase classname="StepDefinition.practice" name="demo1" time="0.0">
    <ignored/>
  </testcase> <!-- demo1 -->
</testsuite> <!-- GRP-regression -->
