<?xml version="1.0" encoding="UTF-8"?>
<!-- Generated by org.testng.reporters.JUnitXMLReporter -->
<testsuite ignored="0" hostname="Uday" failures="0" tests="4" name="Testing" time="0.054" errors="0" timestamp="2024-11-20T22:06:58 IST">
  <testcase classname="StepDefinition.Practice2" name="demo" time="0.005"/>
  <testcase classname="StepDefinition.Practice2" name="demo1" time="0.001"/>
  <testcase classname="StepDefinition.Practice3" name="demo" time="0.001"/>
  <testcase classname="StepDefinition.Practice3" name="demo1" time="0.002"/>
</testsuite> <!-- Testing -->
