<?xml version="1.0" encoding="UTF-8"?>
<!-- Generated by org.testng.reporters.JUnitXMLReporter -->
<testsuite ignored="2" hostname="Uday" failures="0" tests="4" name="GRP-smoke,sanity" time="0.049" errors="0" timestamp="2023-08-08T21:39:00 IST">
  <testcase classname="StepDefinition.Skip2" name="demo1" time="0.005"/>
  <testcase classname="StepDefinition.Practice2" name="demo1" time="0.001"/>
  <testcase classname="StepDefinition.Practice2" name="demo2" time="0.001"/>
  <testcase classname="StepDefinition.Practice2" name="demo3" time="0.001"/>
  <testcase classname="StepDefinition.Skip2" name="demo2" time="0.0">
    <ignored/>
  </testcase> <!-- demo2 -->
  <testcase classname="StepDefinition.Skip2" name="demo" time="0.0">
    <ignored/>
  </testcase> <!-- demo -->
</testsuite> <!-- GRP-smoke,sanity -->
