<?xml version="1.0" encoding="UTF-8"?>
<!-- Generated by org.testng.reporters.JUnitXMLReporter -->
<testsuite ignored="4" hostname="Uday" failures="0" tests="8" name="GRP-BVT,regression,smoke,sanity,SMOKE" time="0.111" errors="0" timestamp="2023-08-08T22:04:41 IST">
  <testcase classname="StepDefinition.Group1" name="demo" time="0.007"/>
  <testcase classname="StepDefinition.Group1" name="demo1" time="0.0"/>
  <testcase classname="StepDefinition.Skip2" name="demo1" time="0.001"/>
  <testcase classname="StepDefinition.Practice2" name="demo1" time="0.003"/>
  <testcase classname="StepDefinition.Practice2" name="demo2" time="0.002"/>
  <testcase classname="StepDefinition.Practice2" name="demo3" time="0.001"/>
  <testcase classname="StepDefinition.Practice2" name="demo4" time="0.001"/>
  <testcase classname="StepDefinition.Skip" name="demo1" time="0.004">
    <skipped/>
  </testcase> <!-- demo1 -->
  <testcase classname="StepDefinition.Skip2" name="demo" time="0.0">
    <ignored/>
  </testcase> <!-- demo -->
  <testcase classname="StepDefinition.Skip2" name="demo2" time="0.0">
    <ignored/>
  </testcase> <!-- demo2 -->
  <testcase classname="StepDefinition.Skip" name="demo" time="0.0">
    <ignored/>
  </testcase> <!-- demo -->
  <testcase classname="StepDefinition.Skip" name="demo2" time="0.0">
    <ignored/>
  </testcase> <!-- demo2 -->
</testsuite> <!-- GRP-BVT,regression,smoke,sanity,SMOKE -->
