<?xml version="1.0" encoding="UTF-8"?>
<!-- Generated by org.testng.reporters.JUnitXMLReporter -->
<testsuite ignored="4" hostname="Uday" failures="0" tests="2" name="GRP-smoke" time="0.039" errors="0" timestamp="2023-08-08T21:38:39 IST">
  <testcase classname="StepDefinition.Skip2" name="demo1" time="0.005"/>
  <testcase classname="StepDefinition.Practice2" name="demo3" time="0.001"/>
  <testcase classname="StepDefinition.Skip2" name="demo2" time="0.0">
    <ignored/>
  </testcase> <!-- demo2 -->
  <testcase classname="StepDefinition.Skip2" name="demo" time="0.0">
    <ignored/>
  </testcase> <!-- demo -->
  <testcase classname="StepDefinition.Practice2" name="demo2" time="0.0">
    <ignored/>
  </testcase> <!-- demo2 -->
  <testcase classname="StepDefinition.Practice2" name="demo1" time="0.0">
    <ignored/>
  </testcase> <!-- demo1 -->
</testsuite> <!-- GRP-smoke -->
