<?xml version="1.0" encoding="UTF-8"?>
<testng-results ignored="0" total="4" passed="4" failed="0" skipped="0">
  <reporter-output>
  </reporter-output>
  <suite started-at="2024-11-23T20:53:33 IST" name="Default suite" finished-at="2024-11-23T20:53:55 IST" duration-ms="21621">
    <groups>
    </groups>
    <test started-at="2024-11-23T20:53:33 IST" name="Default test" finished-at="2024-11-23T20:53:55 IST" duration-ms="21621">
      <class name="StepDefinition.DataProvider">
        <test-method signature="dbconnect(java.lang.String,java.lang.String)[pri:0, instance:StepDefinition.DataProvider@4c371370]" started-at="2024-11-23T20:53:33 IST" name="dbconnect" data-provider="create" finished-at="2024-11-23T20:53:44 IST" duration-ms="10354" status="PASS">
          <params>
            <param index="0">
              <value>
                <![CDATA[standard_user]]>
              </value>
            </param>
            <param index="1">
              <value>
                <![CDATA[secret_sauce]]>
              </value>
            </param>
          </params>
          <reporter-output>
          </reporter-output>
        </test-method> <!-- dbconnect -->
        <test-method signature="dbconnect(java.lang.String,java.lang.String)[pri:0, instance:StepDefinition.DataProvider@4c371370]" started-at="2024-11-23T20:53:44 IST" name="dbconnect" data-provider="create" finished-at="2024-11-23T20:53:45 IST" duration-ms="1309" status="PASS">
          <params>
            <param index="0">
              <value>
                <![CDATA[locked_out_user]]>
              </value>
            </param>
            <param index="1">
              <value>
                <![CDATA[secret_sauce]]>
              </value>
            </param>
          </params>
          <reporter-output>
          </reporter-output>
        </test-method> <!-- dbconnect -->
        <test-method signature="dbconnect(java.lang.String,java.lang.String)[pri:0, instance:StepDefinition.DataProvider@4c371370]" started-at="2024-11-23T20:53:45 IST" name="dbconnect" data-provider="create" finished-at="2024-11-23T20:53:47 IST" duration-ms="2299" status="PASS">
          <params>
            <param index="0">
              <value>
                <![CDATA[problem_user]]>
              </value>
            </param>
            <param index="1">
              <value>
                <![CDATA[secret_sauce]]>
              </value>
            </param>
          </params>
          <reporter-output>
          </reporter-output>
        </test-method> <!-- dbconnect -->
        <test-method signature="dbconnect(java.lang.String,java.lang.String)[pri:0, instance:StepDefinition.DataProvider@4c371370]" started-at="2024-11-23T20:53:47 IST" name="dbconnect" data-provider="create" finished-at="2024-11-23T20:53:55 IST" duration-ms="7598" status="PASS">
          <params>
            <param index="0">
              <value>
                <![CDATA[performance_glitch_user]]>
              </value>
            </param>
            <param index="1">
              <value>
                <![CDATA[secret_sauce]]>
              </value>
            </param>
          </params>
          <reporter-output>
          </reporter-output>
        </test-method> <!-- dbconnect -->
      </class> <!-- StepDefinition.DataProvider -->
    </test> <!-- Default test -->
  </suite> <!-- Default suite -->
</testng-results>
