<?xml version="1.0" encoding="UTF-8"?>
<!-- Generated by org.testng.reporters.JUnitXMLReporter -->
<testsuite ignored="0" hostname="Uday" failures="0" tests="4" name="Default test" time="21.621" errors="0" timestamp="2024-11-23T20:53:55 IST">
  <testcase classname="StepDefinition.DataProvider" name="dbconnect" time="10.354"/>
  <testcase classname="StepDefinition.DataProvider" name="dbconnect" time="1.309"/>
  <testcase classname="StepDefinition.DataProvider" name="dbconnect" time="2.299"/>
  <testcase classname="StepDefinition.DataProvider" name="dbconnect" time="7.598"/>
</testsuite> <!-- Default test -->
